update-alternatives 2017-03-14 11:22:39: run with --quiet --install /usr/bin/awk awk /usr/bin/mawk 5 --slave /usr/share/man/man1/awk.1.gz awk.1.gz /usr/share/man/man1/mawk.1.gz --slave /usr/bin/nawk nawk /usr/bin/mawk --slave /usr/share/man/man1/nawk.1.gz nawk.1.gz /usr/share/man/man1/mawk.1.gz
update-alternatives 2017-03-14 11:22:39: link group awk updated to point to /usr/bin/mawk
update-alternatives 2017-03-14 11:22:51: run with --quiet --install /usr/bin/awk awk /usr/bin/mawk 5 --slave /usr/share/man/man1/awk.1.gz awk.1.gz /usr/share/man/man1/mawk.1.gz --slave /usr/bin/nawk nawk /usr/bin/mawk --slave /usr/share/man/man1/nawk.1.gz nawk.1.gz /usr/share/man/man1/mawk.1.gz
update-alternatives 2017-03-14 11:22:52: run with --install /usr/sbin/rmt rmt /usr/sbin/rmt-tar 50 --slave /usr/share/man/man8/rmt.8.gz rmt.8.gz /usr/share/man/man8/rmt-tar.8.gz
update-alternatives 2017-03-14 11:22:52: link group rmt updated to point to /usr/sbin/rmt-tar
update-alternatives 2017-03-14 11:22:53: run with --install /usr/share/man/man7/builtins.7.gz builtins.7.gz /usr/share/man/man7/bash-builtins.7.gz 10
update-alternatives 2017-03-14 11:22:53: link group builtins.7.gz updated to point to /usr/share/man/man7/bash-builtins.7.gz
update-alternatives 2017-03-14 11:22:54: run with --install /usr/bin/pager pager /bin/more 50 --slave /usr/share/man/man1/pager.1.gz pager.1.gz /usr/share/man/man1/more.1.gz
update-alternatives 2017-03-14 11:22:54: link group pager updated to point to /bin/more
update-alternatives 2017-03-14 11:22:54: run with --install /usr/bin/pager pager /usr/bin/pg 10 --slave /usr/share/man/man1/pager.1.gz pager.1.gz /usr/share/man/man1/pg.1.gz
update-alternatives 2017-03-14 11:22:54: run with --install /usr/bin/w w /usr/bin/w.procps 50 --slave /usr/share/man/man1/w.1.gz w.1.gz /usr/share/man/man1/w.procps.1.gz
update-alternatives 2017-03-14 11:22:54: link group w updated to point to /usr/bin/w.procps
update-alternatives 2017-03-14 11:23:01: run with --install /bin/mt mt /bin/mt-gnu 10 --slave /usr/share/man/man1/mt.1.gz mt.1.gz /usr/share/man/man1/mt-gnu.1.gz
update-alternatives 2017-03-14 11:23:01: link group mt updated to point to /bin/mt-gnu
update-alternatives 2017-03-14 11:23:01: run with --quiet --install /usr/bin/pager pager /bin/less 77 --slave /usr/share/man/man1/pager.1.gz pager.1.gz /usr/share/man/man1/less.1.gz
update-alternatives 2017-03-14 11:23:01: link group pager updated to point to /bin/less
update-alternatives 2017-03-14 11:23:01: run with --quiet --remove pager /usr/bin/less
update-alternatives 2017-03-14 11:23:01: run with --quiet --install /usr/bin/pager pager /bin/less 77 --slave /usr/share/man/man1/pager.1.gz pager.1.gz /usr/share/man/man1/less.1.gz
update-alternatives 2017-03-14 11:23:01: run with --quiet --remove pager /usr/bin/less
update-alternatives 2017-03-14 11:23:01: run with --install /bin/nc nc /bin/nc.traditional 10 --slave /bin/netcat netcat /bin/nc.traditional --slave /usr/share/man/man1/nc.1.gz nc.1.gz /usr/share/man/man1/nc.traditional.1.gz --slave /usr/share/man/man1/netcat.1.gz netcat.1.gz /usr/share/man/man1/nc.traditional.1.gz
update-alternatives 2017-03-14 11:23:01: link group nc updated to point to /bin/nc.traditional
update-alternatives 2017-03-14 11:23:01: run with --install /usr/bin/editor editor /bin/nano 40 --slave /usr/share/man/man1/editor.1.gz editor.1.gz /usr/share/man/man1/nano.1.gz
update-alternatives 2017-03-14 11:23:01: link group editor updated to point to /bin/nano
update-alternatives 2017-03-14 11:23:01: run with --install /usr/bin/pico pico /bin/nano 10 --slave /usr/share/man/man1/pico.1.gz pico.1.gz /usr/share/man/man1/nano.1.gz
update-alternatives 2017-03-14 11:23:01: link group pico updated to point to /bin/nano
update-alternatives 2017-03-14 11:23:02: run with --install /usr/bin/write write /usr/bin/bsd-write 100 --slave /usr/share/man/man1/write.1.gz write.1.gz /usr/share/man/man1/bsd-write.1.gz
update-alternatives 2017-03-14 11:23:02: link group write updated to point to /usr/bin/bsd-write
update-alternatives 2017-03-14 11:23:02: run with --install /usr/bin/from from /usr/bin/bsd-from 10 --slave /usr/share/man/man1/from.1.gz from.1.gz /usr/share/man/man1/bsd-from.1.gz
update-alternatives 2017-03-14 11:23:02: link group from updated to point to /usr/bin/bsd-from
update-alternatives 2017-03-14 11:23:02: run with --install /usr/bin/traceroute traceroute /usr/bin/traceroute.db 100 --slave /usr/sbin/traceroute traceroute.sbin /usr/bin/traceroute.db --slave /usr/share/man/man1/traceroute.1.gz traceroute.1.gz /usr/share/man/man1/traceroute.db.1.gz
update-alternatives 2017-03-14 11:23:02: link group traceroute updated to point to /usr/bin/traceroute.db
update-alternatives 2017-03-14 11:23:02: run with --install /usr/bin/traceroute6 traceroute6 /usr/bin/traceroute6.db 100 --slave /usr/share/man/man1/traceroute6.1.gz traceroute6.1.gz /usr/share/man/man1/traceroute6.db.1.gz
update-alternatives 2017-03-14 11:23:02: link group traceroute6 updated to point to /usr/bin/traceroute6.db
update-alternatives 2017-03-14 11:23:02: run with --install /usr/bin/lft lft /usr/bin/lft.db 100 --slave /usr/share/man/man1/lft.1.gz lft.1.gz /usr/share/man/man1/lft.db.1.gz
update-alternatives 2017-03-14 11:23:02: link group lft updated to point to /usr/bin/lft.db
update-alternatives 2017-03-14 11:23:02: run with --install /usr/bin/traceproto traceproto /usr/bin/traceproto.db 100 --slave /usr/share/man/man1/traceproto.1.gz traceproto.1.gz /usr/share/man/man1/traceproto.db.1.gz
update-alternatives 2017-03-14 11:23:02: link group traceproto updated to point to /usr/bin/traceproto.db
update-alternatives 2017-03-14 11:23:02: run with --install /usr/sbin/tcptraceroute tcptraceroute /usr/sbin/tcptraceroute.db 100 --slave /usr/share/man/man8/tcptraceroute.8.gz tcptraceroute.8.gz /usr/share/man/man8/tcptraceroute.db.8.gz
update-alternatives 2017-03-14 11:23:02: link group tcptraceroute updated to point to /usr/sbin/tcptraceroute.db
update-alternatives 2017-03-14 11:23:02: run with --install /usr/bin/rview rview /usr/bin/vim.tiny 10
update-alternatives 2017-03-14 11:23:02: link group rview updated to point to /usr/bin/vim.tiny
update-alternatives 2017-03-14 11:23:02: run with --install /usr/bin/vi vi /usr/bin/vim.tiny 10 --slave /usr/share/man/fr/man1/vi.1.gz vi.fr.1.gz /usr/share/man/fr/man1/vim.1.gz --slave /usr/share/man/it/man1/vi.1.gz vi.it.1.gz /usr/share/man/it/man1/vim.1.gz --slave /usr/share/man/pl/man1/vi.1.gz vi.pl.1.gz /usr/share/man/pl/man1/vim.1.gz --slave /usr/share/man/ru/man1/vi.1.gz vi.ru.1.gz /usr/share/man/ru/man1/vim.1.gz --slave /usr/share/man/ja/man1/vi.1.gz vi.ja.1.gz /usr/share/man/ja/man1/vim.1.gz --slave /usr/share/man/man1/vi.1.gz vi.1.gz /usr/share/man/man1/vim.1.gz
update-alternatives 2017-03-14 11:23:02: link group vi updated to point to /usr/bin/vim.tiny
update-alternatives 2017-03-14 11:23:02: run with --install /usr/bin/view view /usr/bin/vim.tiny 10 --slave /usr/share/man/fr/man1/view.1.gz view.fr.1.gz /usr/share/man/fr/man1/vim.1.gz --slave /usr/share/man/it/man1/view.1.gz view.it.1.gz /usr/share/man/it/man1/vim.1.gz --slave /usr/share/man/pl/man1/view.1.gz view.pl.1.gz /usr/share/man/pl/man1/vim.1.gz --slave /usr/share/man/ru/man1/view.1.gz view.ru.1.gz /usr/share/man/ru/man1/vim.1.gz --slave /usr/share/man/ja/man1/view.1.gz view.ja.1.gz /usr/share/man/ja/man1/vim.1.gz --slave /usr/share/man/man1/view.1.gz view.1.gz /usr/share/man/man1/vim.1.gz
update-alternatives 2017-03-14 11:23:02: link group view updated to point to /usr/bin/vim.tiny
update-alternatives 2017-03-14 11:23:02: run with --install /usr/bin/ex ex /usr/bin/vim.tiny 10 --slave /usr/share/man/fr/man1/ex.1.gz ex.fr.1.gz /usr/share/man/fr/man1/vim.1.gz --slave /usr/share/man/it/man1/ex.1.gz ex.it.1.gz /usr/share/man/it/man1/vim.1.gz --slave /usr/share/man/pl/man1/ex.1.gz ex.pl.1.gz /usr/share/man/pl/man1/vim.1.gz --slave /usr/share/man/ru/man1/ex.1.gz ex.ru.1.gz /usr/share/man/ru/man1/vim.1.gz --slave /usr/share/man/ja/man1/ex.1.gz ex.ja.1.gz /usr/share/man/ja/man1/vim.1.gz --slave /usr/share/man/man1/ex.1.gz ex.1.gz /usr/share/man/man1/vim.1.gz
update-alternatives 2017-03-14 11:23:02: link group ex updated to point to /usr/bin/vim.tiny
update-alternatives 2017-03-14 11:23:02: run with --install /usr/bin/editor editor /usr/bin/vim.tiny 10 --slave /usr/share/man/fr/man1/editor.1.gz editor.fr.1.gz /usr/share/man/fr/man1/vim.1.gz --slave /usr/share/man/it/man1/editor.1.gz editor.it.1.gz /usr/share/man/it/man1/vim.1.gz --slave /usr/share/man/pl/man1/editor.1.gz editor.pl.1.gz /usr/share/man/pl/man1/vim.1.gz --slave /usr/share/man/ru/man1/editor.1.gz editor.ru.1.gz /usr/share/man/ru/man1/vim.1.gz --slave /usr/share/man/ja/man1/editor.1.gz editor.ja.1.gz /usr/share/man/ja/man1/vim.1.gz --slave /usr/share/man/man1/editor.1.gz editor.1.gz /usr/share/man/man1/vim.1.gz
update-alternatives 2017-03-14 07:25:31: run with --install /usr/bin/rview rview /usr/bin/vim.tiny 10
update-alternatives 2017-03-14 07:25:31: run with --install /usr/bin/vi vi /usr/bin/vim.tiny 10 --slave /usr/share/man/fr/man1/vi.1.gz vi.fr.1.gz /usr/share/man/fr/man1/vim.1.gz --slave /usr/share/man/it/man1/vi.1.gz vi.it.1.gz /usr/share/man/it/man1/vim.1.gz --slave /usr/share/man/pl/man1/vi.1.gz vi.pl.1.gz /usr/share/man/pl/man1/vim.1.gz --slave /usr/share/man/ru/man1/vi.1.gz vi.ru.1.gz /usr/share/man/ru/man1/vim.1.gz --slave /usr/share/man/ja/man1/vi.1.gz vi.ja.1.gz /usr/share/man/ja/man1/vim.1.gz --slave /usr/share/man/man1/vi.1.gz vi.1.gz /usr/share/man/man1/vim.1.gz
update-alternatives 2017-03-14 07:25:31: run with --install /usr/bin/view view /usr/bin/vim.tiny 10 --slave /usr/share/man/fr/man1/view.1.gz view.fr.1.gz /usr/share/man/fr/man1/vim.1.gz --slave /usr/share/man/it/man1/view.1.gz view.it.1.gz /usr/share/man/it/man1/vim.1.gz --slave /usr/share/man/pl/man1/view.1.gz view.pl.1.gz /usr/share/man/pl/man1/vim.1.gz --slave /usr/share/man/ru/man1/view.1.gz view.ru.1.gz /usr/share/man/ru/man1/vim.1.gz --slave /usr/share/man/ja/man1/view.1.gz view.ja.1.gz /usr/share/man/ja/man1/vim.1.gz --slave /usr/share/man/man1/view.1.gz view.1.gz /usr/share/man/man1/vim.1.gz
update-alternatives 2017-03-14 07:25:31: run with --install /usr/bin/ex ex /usr/bin/vim.tiny 10 --slave /usr/share/man/fr/man1/ex.1.gz ex.fr.1.gz /usr/share/man/fr/man1/vim.1.gz --slave /usr/share/man/it/man1/ex.1.gz ex.it.1.gz /usr/share/man/it/man1/vim.1.gz --slave /usr/share/man/pl/man1/ex.1.gz ex.pl.1.gz /usr/share/man/pl/man1/vim.1.gz --slave /usr/share/man/ru/man1/ex.1.gz ex.ru.1.gz /usr/share/man/ru/man1/vim.1.gz --slave /usr/share/man/ja/man1/ex.1.gz ex.ja.1.gz /usr/share/man/ja/man1/vim.1.gz --slave /usr/share/man/man1/ex.1.gz ex.1.gz /usr/share/man/man1/vim.1.gz
update-alternatives 2017-03-14 07:25:31: run with --install /usr/bin/editor editor /usr/bin/vim.tiny 10 --slave /usr/share/man/fr/man1/editor.1.gz editor.fr.1.gz /usr/share/man/fr/man1/vim.1.gz --slave /usr/share/man/it/man1/editor.1.gz editor.it.1.gz /usr/share/man/it/man1/vim.1.gz --slave /usr/share/man/pl/man1/editor.1.gz editor.pl.1.gz /usr/share/man/pl/man1/vim.1.gz --slave /usr/share/man/ru/man1/editor.1.gz editor.ru.1.gz /usr/share/man/ru/man1/vim.1.gz --slave /usr/share/man/ja/man1/editor.1.gz editor.ja.1.gz /usr/share/man/ja/man1/vim.1.gz --slave /usr/share/man/man1/editor.1.gz editor.1.gz /usr/share/man/man1/vim.1.gz
update-alternatives 2017-03-14 07:26:16: run with --install /usr/bin/rename rename /usr/bin/prename 60 --slave /usr/share/man/man1/rename.1.gz rename.1.gz /usr/share/man/man1/prename.1.gz
update-alternatives 2017-03-14 07:26:16: link group rename updated to point to /usr/bin/prename
update-alternatives 2017-03-14 07:26:19: run with --install /usr/bin/rename rename /usr/bin/file-rename 70 --slave /usr/share/man/man1/rename.1.gz rename.1.gz /usr/share/man/man1/file-rename.1p.gz
update-alternatives 2017-03-14 07:26:19: link group rename updated to point to /usr/bin/file-rename
update-alternatives 2017-03-14 16:19:11: run with --quiet --install /usr/bin/rsh rsh /usr/bin/ssh 20 --slave /usr/share/man/man1/rsh.1.gz rsh.1.gz /usr/share/man/man1/ssh.1.gz
update-alternatives 2017-03-14 16:19:11: link group rsh updated to point to /usr/bin/ssh
update-alternatives 2017-03-14 16:19:11: run with --quiet --install /usr/bin/rlogin rlogin /usr/bin/slogin 20 --slave /usr/share/man/man1/rlogin.1.gz rlogin.1.gz /usr/share/man/man1/slogin.1.gz
update-alternatives 2017-03-14 16:19:11: link group rlogin updated to point to /usr/bin/slogin
update-alternatives 2017-03-14 16:19:11: run with --quiet --install /usr/bin/rcp rcp /usr/bin/scp 20 --slave /usr/share/man/man1/rcp.1.gz rcp.1.gz /usr/share/man/man1/scp.1.gz
update-alternatives 2017-03-14 16:19:11: link group rcp updated to point to /usr/bin/scp
update-alternatives 2017-03-14 16:56:38: run with --remove view /usr/bin/see
update-alternatives 2017-03-14 16:56:56: run with --install /usr/lib/x86_64-linux-gnu/libtxc_dxtn.so libtxc-dxtn-x86_64-linux-gnu /usr/lib/x86_64-linux-gnu/libtxc_dxtn_s2tc.so.0 10
update-alternatives 2017-03-14 16:56:56: link group libtxc-dxtn-x86_64-linux-gnu updated to point to /usr/lib/x86_64-linux-gnu/libtxc_dxtn_s2tc.so.0
update-alternatives 2017-03-14 16:56:57: run with --install /usr/bin/x-terminal-emulator x-terminal-emulator /usr/bin/xterm 20 --slave /usr/share/man/man1/x-terminal-emulator.1.gz x-terminal-emulator.1.gz /usr/share/man/man1/xterm.1.gz
update-alternatives 2017-03-14 16:56:57: link group x-terminal-emulator updated to point to /usr/bin/xterm
update-alternatives 2017-03-14 16:56:57: run with --install /usr/bin/x-terminal-emulator x-terminal-emulator /usr/bin/uxterm 20 --slave /usr/share/man/man1/x-terminal-emulator.1.gz x-terminal-emulator.1.gz /usr/share/man/man1/uxterm.1.gz
update-alternatives 2017-03-14 16:56:57: run with --install /usr/bin/x-terminal-emulator x-terminal-emulator /usr/bin/koi8rxterm 20 --slave /usr/share/man/man1/x-terminal-emulator.1.gz x-terminal-emulator.1.gz /usr/share/man/man1/koi8rxterm.1.gz
update-alternatives 2017-03-14 16:56:57: run with --install /usr/bin/x-terminal-emulator x-terminal-emulator /usr/bin/lxterm 30 --slave /usr/share/man/man1/x-terminal-emulator.1.gz x-terminal-emulator.1.gz /usr/share/man/man1/lxterm.1.gz
update-alternatives 2017-03-14 16:56:57: link group x-terminal-emulator updated to point to /usr/bin/lxterm
update-alternatives 2017-03-14 16:58:07: run with --install /usr/bin/php php /usr/bin/php5 50 --slave /usr/share/man/man1/php.1.gz php.1.gz /usr/share/man/man1/php5.1.gz
update-alternatives 2017-03-14 16:58:07: link group php updated to point to /usr/bin/php5
update-alternatives 2017-03-14 16:58:07: run with --install /usr/bin/phar phar /usr/bin/phar5 50 --slave /usr/share/man/man1/phar.1.gz phar.1.gz /usr/share/man/man1/phar5.1.gz
update-alternatives 2017-03-14 16:58:07: link group phar updated to point to /usr/bin/phar5
update-alternatives 2017-03-14 16:58:17: run with --install /usr/bin/php php /usr/bin/php7.1 71 --slave /usr/share/man/man1/php.1.gz php.1.gz /usr/share/man/man1/php7.1.1.gz
update-alternatives 2017-03-14 16:58:17: link group php updated to point to /usr/bin/php7.1
update-alternatives 2017-03-14 16:58:17: run with --install /usr/bin/phar phar /usr/bin/phar7.1 71 --slave /usr/share/man/man1/phar.1.gz phar.1.gz /usr/share/man/man1/phar7.1.1.gz
update-alternatives 2017-03-14 16:58:17: link group phar updated to point to /usr/bin/phar7.1
update-alternatives 2017-03-14 16:58:17: run with --install /usr/bin/phar.phar phar.phar /usr/bin/phar.phar7.1 71 --slave /usr/share/man/man1/phar.phar.1.gz phar.phar.1.gz /usr/share/man/man1/phar.phar7.1.1.gz
update-alternatives 2017-03-14 16:58:17: link group phar.phar updated to point to /usr/bin/phar.phar7.1
update-alternatives 2017-03-14 16:58:19: run with --install /usr/bin/php-cgi php-cgi /usr/bin/php-cgi7.1 71 --slave /usr/share/man/man1/php-cgi.1.gz php-cgi.1.gz /usr/share/man/man1/php-cgi7.1.1.gz
update-alternatives 2017-03-14 16:58:19: link group php-cgi updated to point to /usr/bin/php-cgi7.1
update-alternatives 2017-03-14 16:58:19: run with --install /usr/lib/cgi-bin/php php-cgi-bin /usr/lib/cgi-bin/php7.1 71
update-alternatives 2017-03-14 16:58:19: link group php-cgi-bin updated to point to /usr/lib/cgi-bin/php7.1
update-alternatives 2017-03-14 16:58:47: run with --install /usr/bin/frm frm /usr/bin/frm.mailutils 20 --slave /usr/share/man/man1/frm.1.gz frm.1.gz /usr/share/man/man1/frm.mailutils.1.gz
update-alternatives 2017-03-14 16:58:47: link group frm updated to point to /usr/bin/frm.mailutils
update-alternatives 2017-03-14 16:58:47: run with --install /usr/bin/from from /usr/bin/from.mailutils 20 --slave /usr/share/man/man1/from.1.gz from.1.gz /usr/share/man/man1/from.mailutils.1.gz
update-alternatives 2017-03-14 16:58:47: link group from updated to point to /usr/bin/from.mailutils
update-alternatives 2017-03-14 16:58:47: run with --install /usr/bin/messages messages /usr/bin/messages.mailutils 20 --slave /usr/share/man/man1/messages.1.gz messages.1.gz /usr/share/man/man1/messages.mailutils.1.gz
update-alternatives 2017-03-14 16:58:47: link group messages updated to point to /usr/bin/messages.mailutils
update-alternatives 2017-03-14 16:58:47: run with --install /usr/bin/movemail movemail /usr/bin/movemail.mailutils 20 --slave /usr/share/man/man1/movemail.1.gz movemail.1.gz /usr/share/man/man1/movemail.mailutils.1.gz
update-alternatives 2017-03-14 16:58:47: link group movemail updated to point to /usr/bin/movemail.mailutils
update-alternatives 2017-03-14 16:58:47: run with --install /usr/bin/readmsg readmsg /usr/bin/readmsg.mailutils 20 --slave /usr/share/man/man1/readmsg.1.gz readmsg.1.gz /usr/share/man/man1/readmsg.mailutils.1.gz
update-alternatives 2017-03-14 16:58:47: link group readmsg updated to point to /usr/bin/readmsg.mailutils
update-alternatives 2017-03-14 16:58:47: run with --install /usr/bin/dotlock dotlock /usr/bin/dotlock.mailutils 4 --slave /usr/share/man/man1/dotlock.1.gz dotlock.1.gz /usr/share/man/man1/dotlock.mailutils.1.gz
update-alternatives 2017-03-14 16:58:47: link group dotlock updated to point to /usr/bin/dotlock.mailutils
update-alternatives 2017-03-14 16:58:47: run with --install /usr/bin/mailx mailx /usr/bin/mail.mailutils 30 --slave /usr/share/man/man1/mailx.1.gz mailx.1.gz /usr/share/man/man1/mail.mailutils.1.gz --slave /usr/bin/mail mail /usr/bin/mail.mailutils --slave /usr/share/man/man1/mail.1.gz mail.1.gz /usr/share/man/man1/mail.mailutils.1.gz
update-alternatives 2017-03-14 16:58:47: link group mailx updated to point to /usr/bin/mail.mailutils
update-alternatives 2017-03-14 17:00:29: run with --install /usr/bin/pbr pbr /usr/bin/python2-pbr 300
update-alternatives 2017-03-14 17:00:29: link group pbr updated to point to /usr/bin/python2-pbr
